<<<<<<< HEAD
2016-12-19 19:15:13.211 DEBUG [client.OIOClient connectServer 46 main] Socket 정보: Socket[addr=/175.115.95.32,port=9998,localport=63501]
2016-12-19 19:15:15.279 INFO  [client.encry.KeyExchangeClient start 131 main] RSA 키 생성
2016-12-19 19:15:15.283 INFO  [client.encry.KeyExchangeClient start 134 main] RSA 공개키 전송
2016-12-19 19:15:20.481 INFO  [client.encry.KeyExchangeClient start 137 main] 서버로부터 AES256 암호화키 받음
2016-12-19 19:15:20.917 INFO  [client.encry.KeyExchangeClient start 142 main] 암호키 테스트 'Hello World'전송
2016-12-19 19:15:20.938 INFO  [client.encry.KeyExchangeClient start 145 main] 암호키 테스트 'Hello World'받음
2016-12-19 19:15:20.939 INFO  [client.OIOClient connectServer 54 main] 키 교환작업 완료:d78f6745f9e0f2ea02e99a02aa5de91e
2016-12-19 19:15:20.939 INFO  [client.OIOClient connectServer 56 main] 키 교환작업 완료
2016-12-19 19:15:20.942 DEBUG [client.OIOClient connectServer 57 main] 암호화 키 d78f6745f9e0f2ea02e99a02aa5de91e
2016-12-19 19:15:20.943 INFO  [client.CilentDataProcess sendAuth 29 main] 인증 메시지 전송
2016-12-19 19:15:35.965 INFO  [client.CilentDataProcess receive 96 main] ACK 도착
2016-12-19 19:16:17.625 INFO  [client.CilentDataProcess receive 96 main] ACK 도착
2016-12-19 19:16:17.637 INFO  [client.CilentDataProcess receive 105 main] 주문번호20 알림이 도착했습니다
2016-12-19 19:16:17.639 INFO  [client.CilentDataProcess sendPushSuccess 57 main] push success 전송
2016-12-19 19:16:22.650 INFO  [client.CilentDataProcess receive 105 main] 주문번호20 알림이 도착했습니다
2016-12-19 19:16:22.651 INFO  [client.CilentDataProcess sendPushSuccess 57 main] push success 전송
2016-12-19 19:16:27.670 INFO  [client.CilentDataProcess receive 105 main] 주문번호20 알림이 도착했습니다
2016-12-19 19:16:27.673 INFO  [client.CilentDataProcess sendPushSuccess 57 main] push success 전송
2016-12-19 19:20:47.595 DEBUG [client.OIOClient connectServer 46 main] Socket 정보: Socket[addr=/175.115.95.32,port=9998,localport=63509]
2016-12-19 19:20:48.726 INFO  [client.encry.KeyExchangeClient start 131 main] RSA 키 생성
2016-12-19 19:20:48.732 INFO  [client.encry.KeyExchangeClient start 134 main] RSA 공개키 전송
2016-12-19 19:21:02.450 INFO  [client.encry.KeyExchangeClient start 137 main] 서버로부터 AES256 암호화키 받음
2016-12-19 19:21:02.879 INFO  [client.encry.KeyExchangeClient start 142 main] 암호키 테스트 'Hello World'전송
2016-12-19 19:21:02.912 INFO  [client.encry.KeyExchangeClient start 145 main] 암호키 테스트 'Hello World'받음
2016-12-19 19:21:02.913 INFO  [client.OIOClient connectServer 54 main] 키 교환작업 완료:e56dfd7093f7e55363d90c0a7f2b4974
2016-12-19 19:21:02.913 INFO  [client.OIOClient connectServer 56 main] 키 교환작업 완료
2016-12-19 19:21:02.913 DEBUG [client.OIOClient connectServer 57 main] 암호화 키 e56dfd7093f7e55363d90c0a7f2b4974
2016-12-19 19:21:02.914 INFO  [client.CilentDataProcess sendAuth 29 main] 인증 메시지 전송
2016-12-19 19:21:17.936 INFO  [client.CilentDataProcess receive 96 main] ACK 도착
2016-12-19 19:21:18.286 INFO  [client.CilentDataProcess receive 105 main] 주문번호20 알림이 도착했습니다
2016-12-19 19:21:18.286 INFO  [client.CilentDataProcess sendPushSuccess 57 main] push success 전송
2016-12-19 19:21:23.309 INFO  [client.CilentDataProcess receive 105 main] 주문번호20 알림이 도착했습니다
2016-12-19 19:21:23.309 INFO  [client.CilentDataProcess sendPushSuccess 57 main] push success 전송
2016-12-19 19:21:28.329 INFO  [client.CilentDataProcess receive 105 main] 주문번호20 알림이 도착했습니다
2016-12-19 19:21:28.330 INFO  [client.CilentDataProcess sendPushSuccess 57 main] push success 전송
2016-12-19 19:21:33.344 INFO  [client.CilentDataProcess receive 105 main] 주문번호20 알림이 도착했습니다
2016-12-19 19:21:33.345 INFO  [client.CilentDataProcess sendPushSuccess 57 main] push success 전송
2016-12-19 19:21:38.364 INFO  [client.CilentDataProcess receive 105 main] 주문번호20 알림이 도착했습니다
2016-12-19 19:21:38.364 INFO  [client.CilentDataProcess sendPushSuccess 57 main] push success 전송
2016-12-19 19:21:43.390 INFO  [client.CilentDataProcess receive 105 main] 주문번호20 알림이 도착했습니다
2016-12-19 19:21:43.391 INFO  [client.CilentDataProcess sendPushSuccess 57 main] push success 전송
2016-12-19 19:21:48.402 INFO  [client.CilentDataProcess receive 96 main] ACK 도착
2016-12-19 19:21:48.403 INFO  [client.CilentDataProcess receive 105 main] 주문번호20 알림이 도착했습니다
2016-12-19 19:21:48.404 INFO  [client.CilentDataProcess sendPushSuccess 57 main] push success 전송
2016-12-19 19:21:53.427 INFO  [client.CilentDataProcess receive 105 main] 주문번호20 알림이 도착했습니다
2016-12-19 19:21:53.427 INFO  [client.CilentDataProcess sendPushSuccess 57 main] push success 전송
2016-12-19 19:21:58.438 INFO  [client.CilentDataProcess receive 105 main] 주문번호20 알림이 도착했습니다
2016-12-19 19:21:58.438 INFO  [client.CilentDataProcess sendPushSuccess 57 main] push success 전송
2016-12-19 19:22:03.450 INFO  [client.CilentDataProcess receive 105 main] 주문번호20 알림이 도착했습니다
2016-12-19 19:22:03.451 INFO  [client.CilentDataProcess sendPushSuccess 57 main] push success 전송
2016-12-19 19:22:08.478 INFO  [client.CilentDataProcess receive 105 main] 주문번호20 알림이 도착했습니다
2016-12-19 19:22:08.478 INFO  [client.CilentDataProcess sendPushSuccess 57 main] push success 전송
2016-12-19 19:22:13.506 INFO  [client.CilentDataProcess receive 105 main] 주문번호20 알림이 도착했습니다
2016-12-19 19:22:13.506 INFO  [client.CilentDataProcess sendPushSuccess 57 main] push success 전송
2016-12-19 19:22:18.527 INFO  [client.CilentDataProcess receive 105 main] 주문번호20 알림이 도착했습니다
2016-12-19 19:22:18.528 INFO  [client.CilentDataProcess sendPushSuccess 57 main] push success 전송
2016-12-19 19:22:23.547 INFO  [client.CilentDataProcess receive 105 main] 주문번호20 알림이 도착했습니다
2016-12-19 19:22:23.549 INFO  [client.CilentDataProcess sendPushSuccess 57 main] push success 전송
2016-12-19 19:22:28.569 INFO  [client.CilentDataProcess receive 105 main] 주문번호20 알림이 도착했습니다
2016-12-19 19:22:28.570 INFO  [client.CilentDataProcess sendPushSuccess 57 main] push success 전송
2016-12-19 19:22:33.597 INFO  [client.CilentDataProcess receive 105 main] 주문번호20 알림이 도착했습니다
2016-12-19 19:22:33.598 INFO  [client.CilentDataProcess sendPushSuccess 57 main] push success 전송
2016-12-19 19:22:38.623 INFO  [client.CilentDataProcess receive 105 main] 주문번호20 알림이 도착했습니다
2016-12-19 19:22:38.623 INFO  [client.CilentDataProcess sendPushSuccess 57 main] push success 전송
2016-12-19 19:22:43.640 INFO  [client.CilentDataProcess receive 105 main] 주문번호20 알림이 도착했습니다
2016-12-19 19:22:43.640 INFO  [client.CilentDataProcess sendPushSuccess 57 main] push success 전송
2016-12-19 19:22:48.675 INFO  [client.CilentDataProcess receive 105 main] 주문번호20 알림이 도착했습니다
2016-12-19 19:22:48.675 INFO  [client.CilentDataProcess sendPushSuccess 57 main] push success 전송
2016-12-19 19:22:53.692 INFO  [client.CilentDataProcess receive 105 main] 주문번호20 알림이 도착했습니다
2016-12-19 19:22:53.693 INFO  [client.CilentDataProcess sendPushSuccess 57 main] push success 전송
2016-12-19 19:22:58.714 INFO  [client.CilentDataProcess receive 105 main] 주문번호20 알림이 도착했습니다
2016-12-19 19:22:58.716 INFO  [client.CilentDataProcess sendPushSuccess 57 main] push success 전송
2016-12-19 19:23:03.730 INFO  [client.CilentDataProcess receive 105 main] 주문번호20 알림이 도착했습니다
2016-12-19 19:23:03.731 INFO  [client.CilentDataProcess sendPushSuccess 57 main] push success 전송
2016-12-19 19:23:08.747 INFO  [client.CilentDataProcess receive 105 main] 주문번호20 알림이 도착했습니다
2016-12-19 19:23:08.748 INFO  [client.CilentDataProcess sendPushSuccess 57 main] push success 전송
2016-12-19 19:23:13.765 INFO  [client.CilentDataProcess receive 105 main] 주문번호20 알림이 도착했습니다
2016-12-19 19:23:13.766 INFO  [client.CilentDataProcess sendPushSuccess 57 main] push success 전송
2016-12-19 19:23:18.782 INFO  [client.CilentDataProcess receive 105 main] 주문번호20 알림이 도착했습니다
2016-12-19 19:23:18.782 INFO  [client.CilentDataProcess sendPushSuccess 57 main] push success 전송
2016-12-19 19:23:23.799 INFO  [client.CilentDataProcess receive 105 main] 주문번호20 알림이 도착했습니다
2016-12-19 19:23:23.799 INFO  [client.CilentDataProcess sendPushSuccess 57 main] push success 전송
2016-12-19 19:23:28.821 INFO  [client.CilentDataProcess receive 105 main] 주문번호20 알림이 도착했습니다
2016-12-19 19:23:28.821 INFO  [client.CilentDataProcess sendPushSuccess 57 main] push success 전송
2016-12-19 19:23:33.841 INFO  [client.CilentDataProcess receive 105 main] 주문번호20 알림이 도착했습니다
2016-12-19 19:23:33.842 INFO  [client.CilentDataProcess sendPushSuccess 57 main] push success 전송
2016-12-19 19:23:38.857 INFO  [client.CilentDataProcess receive 105 main] 주문번호20 알림이 도착했습니다
2016-12-19 19:23:38.857 INFO  [client.CilentDataProcess sendPushSuccess 57 main] push success 전송
=======
2016-12-19 19:03:25.758 DEBUG [client.OIOClient connectServer 46 main] Socket 정보: Socket[addr=/127.0.0.1,port=9998,localport=52382]
2016-12-19 19:03:28.866 INFO  [client.encry.KeyExchangeClient start 131 main] RSA 키 생성
2016-12-19 19:03:28.872 INFO  [client.encry.KeyExchangeClient start 134 main] RSA 공개키 전송
2016-12-19 19:03:29.700 INFO  [client.encry.KeyExchangeClient start 137 main] 서버로부터 AES256 암호화키 받음
2016-12-19 19:03:30.194 INFO  [client.encry.KeyExchangeClient start 142 main] 암호키 테스트 'Hello World'전송
2016-12-19 19:03:30.205 INFO  [client.encry.KeyExchangeClient start 145 main] 암호키 테스트 'Hello World'받음
2016-12-19 19:03:30.206 INFO  [client.OIOClient connectServer 54 main] 키 교환작업 완료:b0d96baa91b4206003041f6128f8c364
2016-12-19 19:03:30.206 INFO  [client.OIOClient connectServer 56 main] 키 교환작업 완료
2016-12-19 19:03:30.206 DEBUG [client.OIOClient connectServer 57 main] 암호화 키 b0d96baa91b4206003041f6128f8c364
2016-12-19 19:03:30.208 INFO  [client.CilentDataProcess sendAuth 29 main] 인증 메시지 전송
2016-12-19 19:03:40.209 ERROR [client.OIOClient connectServer 69 main] No Server Response 발생!!
2016-12-19 19:03:40.211 INFO  [client.CilentDataProcess sendAuth 29 main] 인증 메시지 전송
2016-12-19 19:03:40.212 ERROR [client.OIOClient connectServer 73 main] 인증 메시지 다시 전송
2016-12-19 19:03:45.276 INFO  [client.CilentDataProcess receive 96 main] ACK 도착
2016-12-19 19:03:46.506 INFO  [client.CilentDataProcess receive 105 main] 주문번호20 알림이 도착했습니다
2016-12-19 19:03:46.507 INFO  [client.CilentDataProcess sendPushSuccess 57 main] push success 전송
2016-12-19 19:03:51.521 INFO  [client.CilentDataProcess receive 105 main] 주문번호20 알림이 도착했습니다
2016-12-19 19:03:51.522 INFO  [client.CilentDataProcess sendPushSuccess 57 main] push success 전송
2016-12-19 19:03:55.281 INFO  [client.ClientHeartBeat run 31 Timer-0] heart beat 전송
2016-12-19 19:04:01.522 ERROR [client.CilentDataProcess occurTimeout 131 main] Time out 발생...
2016-12-19 19:04:01.523 INFO  [client.CilentDataProcess occurTimeout 132 main] ping 전송
2016-12-19 19:04:05.280 INFO  [client.ClientHeartBeat run 31 Timer-0] heart beat 전송
2016-12-19 19:04:11.527 ERROR [client.OIOClient main 121 main] Time out 발생...
2016-12-19 19:04:11.529 INFO  [client.OIOClient connectServer 42 main] Server RE-Connection 시도
2016-12-19 19:04:11.533 DEBUG [client.OIOClient connectServer 46 main] Socket 정보: Socket[addr=/127.0.0.1,port=9998,localport=52384]
2016-12-19 19:04:13.962 INFO  [client.encry.KeyExchangeClient start 131 main] RSA 키 생성
2016-12-19 19:04:13.963 INFO  [client.encry.KeyExchangeClient start 134 main] RSA 공개키 전송
2016-12-19 19:04:13.966 INFO  [client.encry.KeyExchangeClient start 137 main] 서버로부터 AES256 암호화키 받음
2016-12-19 19:04:13.996 INFO  [client.encry.KeyExchangeClient start 142 main] 암호키 테스트 'Hello World'전송
2016-12-19 19:04:13.998 INFO  [client.encry.KeyExchangeClient start 145 main] 암호키 테스트 'Hello World'받음
2016-12-19 19:04:13.998 INFO  [client.OIOClient connectServer 54 main] 키 교환작업 완료:0af52c71e5c6d827080f72f204445798
2016-12-19 19:04:13.999 INFO  [client.OIOClient connectServer 56 main] 키 교환작업 완료
2016-12-19 19:04:13.999 DEBUG [client.OIOClient connectServer 57 main] 암호화 키 0af52c71e5c6d827080f72f204445798
2016-12-19 19:04:14.000 INFO  [client.CilentDataProcess sendAuth 29 main] 인증 메시지 전송
2016-12-19 19:04:24.001 ERROR [client.OIOClient connectServer 69 main] No Server Response 발생!!
2016-12-19 19:04:24.004 INFO  [client.CilentDataProcess sendAuth 29 main] 인증 메시지 전송
2016-12-19 19:04:24.004 ERROR [client.OIOClient connectServer 73 main] 인증 메시지 다시 전송
2016-12-19 19:09:22.599 DEBUG [client.OIOClient connectServer 46 main] Socket 정보: Socket[addr=/127.0.0.1,port=9998,localport=52403]
2016-12-19 19:09:23.251 INFO  [client.encry.KeyExchangeClient start 131 main] RSA 키 생성
2016-12-19 19:09:23.257 INFO  [client.encry.KeyExchangeClient start 134 main] RSA 공개키 전송
2016-12-19 19:09:24.068 INFO  [client.encry.KeyExchangeClient start 137 main] 서버로부터 AES256 암호화키 받음
2016-12-19 19:09:24.573 INFO  [client.encry.KeyExchangeClient start 142 main] 암호키 테스트 'Hello World'전송
2016-12-19 19:09:24.585 INFO  [client.encry.KeyExchangeClient start 145 main] 암호키 테스트 'Hello World'받음
2016-12-19 19:09:24.585 INFO  [client.OIOClient connectServer 54 main] 키 교환작업 완료:48c90ba8f03ed8ad205a80cdef688845
2016-12-19 19:09:24.585 DEBUG [client.OIOClient connectServer 56 main] 암호화 키 48c90ba8f03ed8ad205a80cdef688845
2016-12-19 19:09:24.587 INFO  [client.CilentDataProcess sendAuth 29 main] 인증 메시지 전송
2016-12-19 19:09:39.646 INFO  [client.CilentDataProcess receive 96 main] ACK 도착
2016-12-19 19:09:42.030 INFO  [client.CilentDataProcess receive 105 main] 주문번호20 알림이 도착했습니다
2016-12-19 19:09:42.031 INFO  [client.CilentDataProcess sendPushSuccess 57 main] push success 전송
2016-12-19 19:09:47.043 INFO  [client.CilentDataProcess receive 105 main] 주문번호20 알림이 도착했습니다
2016-12-19 19:09:47.044 INFO  [client.CilentDataProcess sendPushSuccess 57 main] push success 전송
2016-12-19 19:09:49.661 INFO  [client.ClientHeartBeat run 31 Timer-0] heart beat 전송
2016-12-19 19:09:59.657 INFO  [client.ClientHeartBeat run 31 Timer-0] heart beat 전송
2016-12-19 19:10:09.649 INFO  [client.ClientHeartBeat run 31 Timer-0] heart beat 전송
2016-12-19 19:10:19.649 INFO  [client.ClientHeartBeat run 31 Timer-0] heart beat 전송
2016-12-19 19:10:29.649 INFO  [client.ClientHeartBeat run 31 Timer-0] heart beat 전송
2016-12-19 19:10:39.648 INFO  [client.ClientHeartBeat run 31 Timer-0] heart beat 전송
2016-12-19 19:10:49.650 INFO  [client.ClientHeartBeat run 31 Timer-0] heart beat 전송
2016-12-19 19:10:59.649 INFO  [client.ClientHeartBeat run 31 Timer-0] heart beat 전송
2016-12-19 19:11:09.650 INFO  [client.ClientHeartBeat run 31 Timer-0] heart beat 전송
2016-12-19 19:11:17.720 INFO  [client.CilentDataProcess receive 105 main] 주문번호20 알림이 도착했습니다
2016-12-19 19:11:17.720 INFO  [client.CilentDataProcess sendPushSuccess 57 main] push success 전송
2016-12-19 19:11:19.649 INFO  [client.ClientHeartBeat run 31 Timer-0] heart beat 전송
2016-12-19 19:11:29.654 INFO  [client.ClientHeartBeat run 31 Timer-0] heart beat 전송
2016-12-19 19:11:39.650 INFO  [client.ClientHeartBeat run 31 Timer-0] heart beat 전송
2016-12-19 19:11:49.649 INFO  [client.ClientHeartBeat run 31 Timer-0] heart beat 전송
2016-12-19 19:11:59.650 INFO  [client.ClientHeartBeat run 31 Timer-0] heart beat 전송
2016-12-19 19:12:09.648 INFO  [client.ClientHeartBeat run 31 Timer-0] heart beat 전송
2016-12-19 19:12:19.650 INFO  [client.ClientHeartBeat run 31 Timer-0] heart beat 전송
2016-12-19 19:12:29.649 INFO  [client.ClientHeartBeat run 31 Timer-0] heart beat 전송
2016-12-19 19:12:39.650 INFO  [client.ClientHeartBeat run 31 Timer-0] heart beat 전송
2016-12-19 19:12:49.669 INFO  [client.ClientHeartBeat run 31 Timer-0] heart beat 전송
2016-12-19 19:12:59.649 INFO  [client.ClientHeartBeat run 31 Timer-0] heart beat 전송
2016-12-19 19:13:09.653 INFO  [client.ClientHeartBeat run 31 Timer-0] heart beat 전송
2016-12-19 19:13:18.583 INFO  [client.CilentDataProcess receive 105 main] 주문번호20 알림이 도착했습니다
2016-12-19 19:13:18.584 INFO  [client.CilentDataProcess sendPushSuccess 57 main] push success 전송
2016-12-19 19:13:19.650 INFO  [client.ClientHeartBeat run 31 Timer-0] heart beat 전송
2016-12-19 19:13:29.651 INFO  [client.ClientHeartBeat run 31 Timer-0] heart beat 전송
2016-12-19 19:13:39.649 INFO  [client.ClientHeartBeat run 31 Timer-0] heart beat 전송
2016-12-19 19:13:49.650 INFO  [client.ClientHeartBeat run 31 Timer-0] heart beat 전송
2016-12-19 19:13:59.650 INFO  [client.ClientHeartBeat run 31 Timer-0] heart beat 전송
2016-12-19 19:14:09.072 INFO  [client.CilentDataProcess receive 105 main] 주문번호20 알림이 도착했습니다
2016-12-19 19:14:09.073 INFO  [client.CilentDataProcess sendPushSuccess 57 main] push success 전송
2016-12-19 19:14:09.649 INFO  [client.ClientHeartBeat run 31 Timer-0] heart beat 전송
2016-12-19 19:14:19.650 INFO  [client.ClientHeartBeat run 31 Timer-0] heart beat 전송
2016-12-19 19:14:29.649 INFO  [client.ClientHeartBeat run 31 Timer-0] heart beat 전송
2016-12-19 19:14:39.650 INFO  [client.ClientHeartBeat run 31 Timer-0] heart beat 전송
2016-12-19 19:14:49.649 INFO  [client.ClientHeartBeat run 31 Timer-0] heart beat 전송
2016-12-19 19:14:59.650 INFO  [client.ClientHeartBeat run 31 Timer-0] heart beat 전송
2016-12-19 19:15:09.650 INFO  [client.ClientHeartBeat run 31 Timer-0] heart beat 전송
2016-12-19 19:15:19.649 INFO  [client.ClientHeartBeat run 31 Timer-0] heart beat 전송
2016-12-19 19:15:29.650 INFO  [client.ClientHeartBeat run 31 Timer-0] heart beat 전송
2016-12-19 19:15:39.649 INFO  [client.ClientHeartBeat run 31 Timer-0] heart beat 전송
2016-12-19 19:15:49.649 INFO  [client.ClientHeartBeat run 31 Timer-0] heart beat 전송
2016-12-19 19:15:59.649 INFO  [client.ClientHeartBeat run 31 Timer-0] heart beat 전송
2016-12-19 19:16:09.650 INFO  [client.ClientHeartBeat run 31 Timer-0] heart beat 전송
2016-12-19 19:16:19.650 INFO  [client.ClientHeartBeat run 31 Timer-0] heart beat 전송
2016-12-19 19:16:29.649 INFO  [client.ClientHeartBeat run 31 Timer-0] heart beat 전송
2016-12-19 19:16:37.084 INFO  [client.CilentDataProcess receive 105 main] 주문번호20 알림이 도착했습니다
2016-12-19 19:16:37.086 INFO  [client.CilentDataProcess sendPushSuccess 57 main] push success 전송
2016-12-19 19:16:39.650 INFO  [client.ClientHeartBeat run 31 Timer-0] heart beat 전송
2016-12-19 19:16:49.649 INFO  [client.ClientHeartBeat run 31 Timer-0] heart beat 전송
2016-12-19 19:16:59.650 INFO  [client.ClientHeartBeat run 31 Timer-0] heart beat 전송
2016-12-19 19:17:09.649 INFO  [client.ClientHeartBeat run 31 Timer-0] heart beat 전송
2016-12-19 19:24:06.729 DEBUG [client.OIOClient connectServer 46 main] Socket 정보: Socket[addr=/127.0.0.1,port=9998,localport=52477]
2016-12-19 19:24:08.647 INFO  [client.encry.KeyExchangeClient start 131 main] RSA 키 생성
2016-12-19 19:24:08.653 INFO  [client.encry.KeyExchangeClient start 134 main] RSA 공개키 전송
2016-12-19 19:24:08.660 INFO  [client.encry.KeyExchangeClient start 137 main] 서버로부터 AES256 암호화키 받음
2016-12-19 19:24:09.138 INFO  [client.encry.KeyExchangeClient start 142 main] 암호키 테스트 'Hello World'전송
2016-12-19 19:24:09.139 INFO  [client.encry.KeyExchangeClient start 145 main] 암호키 테스트 'Hello World'받음
2016-12-19 19:24:09.140 INFO  [client.OIOClient connectServer 54 main] 키 교환작업 완료:bc935dd6ca3a469f3bb90dfd5bb4da64
2016-12-19 19:24:09.140 DEBUG [client.OIOClient connectServer 56 main] 암호화 키 bc935dd6ca3a469f3bb90dfd5bb4da64
2016-12-19 19:24:09.141 INFO  [client.CilentDataProcess sendAuth 29 main] 인증 메시지 전송
2016-12-19 19:24:24.187 INFO  [client.CilentDataProcess receive 96 main] ACK 도착
2016-12-19 19:24:28.441 INFO  [client.CilentDataProcess receive 105 main] 주문번호20 알림이 도착했습니다
2016-12-19 19:24:28.443 INFO  [client.CilentDataProcess sendPushSuccess 57 main] push success 전송
2016-12-19 19:24:33.443 INFO  [client.CilentDataProcess receive 105 main] 주문번호20 알림이 도착했습니다
2016-12-19 19:24:33.444 INFO  [client.CilentDataProcess sendPushSuccess 57 main] push success 전송
2016-12-19 19:24:34.197 INFO  [client.ClientHeartBeat run 31 Timer-0] heart beat 전송
2016-12-19 19:24:44.190 INFO  [client.ClientHeartBeat run 31 Timer-0] heart beat 전송
2016-12-19 19:24:54.192 INFO  [client.ClientHeartBeat run 31 Timer-0] heart beat 전송
>>>>>>> refs/remotes/origin/master
2016-12-19 19:39:06.758 DEBUG [client.OIOClient connectServer 46 main] Socket 정보: Socket[addr=/175.115.95.32,port=9998,localport=63578]
2016-12-19 19:39:08.039 INFO  [client.encry.KeyExchangeClient start 131 main] RSA 키 생성
2016-12-19 19:39:08.045 INFO  [client.encry.KeyExchangeClient start 134 main] RSA 공개키 전송
2016-12-19 19:39:20.404 INFO  [client.encry.KeyExchangeClient start 137 main] 서버로부터 AES256 암호화키 받음
2016-12-19 19:39:20.851 INFO  [client.encry.KeyExchangeClient start 142 main] 암호키 테스트 'Hello World'전송
2016-12-19 19:39:20.888 INFO  [client.encry.KeyExchangeClient start 145 main] 암호키 테스트 'Hello World'받음
2016-12-19 19:39:20.889 INFO  [client.OIOClient connectServer 54 main] 키 교환작업 완료:a8bfc82d8b2a5070ec4caab9e651621e
2016-12-19 19:39:20.890 DEBUG [client.OIOClient connectServer 56 main] 암호화 키 a8bfc82d8b2a5070ec4caab9e651621e
2016-12-19 19:39:20.901 INFO  [client.CilentDataProcess sendAuth 29 main] 인증 메시지 전송
2016-12-19 19:39:35.916 INFO  [client.CilentDataProcess receive 96 main] ACK 도착
2016-12-19 19:39:45.923 INFO  [client.ClientHeartBeat run 31 Timer-0] heart beat 전송
2016-12-19 19:39:55.921 INFO  [client.ClientHeartBeat run 31 Timer-0] heart beat 전송
2016-12-19 19:40:05.922 INFO  [client.ClientHeartBeat run 31 Timer-0] heart beat 전송
2016-12-19 19:40:15.921 INFO  [client.ClientHeartBeat run 31 Timer-0] heart beat 전송
2016-12-19 19:40:25.922 INFO  [client.ClientHeartBeat run 31 Timer-0] heart beat 전송
2016-12-19 19:40:35.921 INFO  [client.ClientHeartBeat run 31 Timer-0] heart beat 전송
2016-12-19 19:40:45.922 INFO  [client.ClientHeartBeat run 31 Timer-0] heart beat 전송
2016-12-19 19:40:55.922 INFO  [client.ClientHeartBeat run 31 Timer-0] heart beat 전송
2016-12-19 19:41:05.921 INFO  [client.ClientHeartBeat run 31 Timer-0] heart beat 전송
2016-12-19 19:41:15.922 INFO  [client.ClientHeartBeat run 31 Timer-0] heart beat 전송
2016-12-19 19:41:25.921 INFO  [client.ClientHeartBeat run 31 Timer-0] heart beat 전송
2016-12-19 19:41:35.922 INFO  [client.ClientHeartBeat run 31 Timer-0] heart beat 전송
2016-12-19 19:41:45.922 INFO  [client.ClientHeartBeat run 31 Timer-0] heart beat 전송
2016-12-19 19:41:55.922 INFO  [client.ClientHeartBeat run 31 Timer-0] heart beat 전송
2016-12-19 19:42:05.922 INFO  [client.ClientHeartBeat run 31 Timer-0] heart beat 전송
2016-12-19 19:42:15.921 INFO  [client.ClientHeartBeat run 31 Timer-0] heart beat 전송
2016-12-19 19:42:25.922 INFO  [client.ClientHeartBeat run 31 Timer-0] heart beat 전송
2016-12-19 19:42:35.921 INFO  [client.ClientHeartBeat run 31 Timer-0] heart beat 전송
2016-12-19 19:42:45.922 INFO  [client.ClientHeartBeat run 31 Timer-0] heart beat 전송
2016-12-19 19:42:55.921 INFO  [client.ClientHeartBeat run 31 Timer-0] heart beat 전송
2016-12-19 19:43:05.922 INFO  [client.ClientHeartBeat run 31 Timer-0] heart beat 전송
2016-12-19 19:43:15.922 INFO  [client.ClientHeartBeat run 31 Timer-0] heart beat 전송
2016-12-19 19:43:25.921 INFO  [client.ClientHeartBeat run 31 Timer-0] heart beat 전송
2016-12-19 19:43:35.922 INFO  [client.ClientHeartBeat run 31 Timer-0] heart beat 전송
2016-12-19 19:43:45.920 INFO  [client.ClientHeartBeat run 31 Timer-0] heart beat 전송
2016-12-19 19:43:55.922 INFO  [client.ClientHeartBeat run 31 Timer-0] heart beat 전송
2016-12-19 19:44:05.921 INFO  [client.ClientHeartBeat run 31 Timer-0] heart beat 전송
2016-12-19 19:44:15.922 INFO  [client.ClientHeartBeat run 31 Timer-0] heart beat 전송
2016-12-19 19:44:25.922 INFO  [client.ClientHeartBeat run 31 Timer-0] heart beat 전송
2016-12-19 19:44:35.921 INFO  [client.ClientHeartBeat run 31 Timer-0] heart beat 전송
2016-12-19 19:44:45.922 INFO  [client.ClientHeartBeat run 31 Timer-0] heart beat 전송
2016-12-19 19:44:55.921 INFO  [client.ClientHeartBeat run 31 Timer-0] heart beat 전송
2016-12-19 19:45:05.922 INFO  [client.ClientHeartBeat run 31 Timer-0] heart beat 전송
2016-12-19 19:45:15.920 INFO  [client.ClientHeartBeat run 31 Timer-0] heart beat 전송
2016-12-19 19:45:25.922 INFO  [client.ClientHeartBeat run 31 Timer-0] heart beat 전송
