2016-12-15 17:22:06.438 DEBUG [client.OIOClient connectServer 38 main] Socket 정보: Socket[addr=/175.115.95.32,port=9998,localport=53077]
2016-12-15 17:22:07.592 INFO  [client.encry.KeyExchangeClient start 131 main] RSA 키 생성
2016-12-15 17:22:07.597 INFO  [client.encry.KeyExchangeClient start 134 main] RSA 공개키 전송
2016-12-15 17:22:19.771 INFO  [client.encry.KeyExchangeClient start 137 main] 서버로부터 AES256 암호화키 받음
2016-12-15 17:22:20.681 INFO  [client.encry.KeyExchangeClient start 142 main] 암호키 테스트 'Hello World'전송
2016-12-15 17:22:20.701 INFO  [client.encry.KeyExchangeClient start 145 main] 암호키 테스트 'Hello World'받음
2016-12-15 17:22:20.701 INFO  [client.OIOClient connectServer 45 main] 키 교환작업 완료:c612cb42d6fb4306d75408f79df6a849
2016-12-15 17:22:20.702 INFO  [client.OIOClient connectServer 47 main] 키 교환작업 완료
2016-12-15 17:22:20.702 DEBUG [client.OIOClient connectServer 48 main] 암호화 키 c612cb42d6fb4306d75408f79df6a849
2016-12-15 17:22:20.705 INFO  [client.CilentDataProcess sendAuth 27 main] 인증 메시지 전송
2016-12-15 17:22:30.718 ERROR [client.OIOClient connectServer 60 main] No Server Response 발생!!
2016-12-15 17:22:30.720 INFO  [client.CilentDataProcess sendAuth 27 main] 인증 메시지 전송
2016-12-15 17:22:30.721 ERROR [client.OIOClient connectServer 64 main] 인증 메시지 다시 전송
2016-12-15 17:22:35.725 INFO  [client.CilentDataProcess receive 73 main] ACK 도착
2016-12-15 17:22:38.622 INFO  [client.CilentDataProcess receive 81 main] 주문번호1 알림이 도착했습니다
2016-12-15 17:22:38.817 INFO  [client.CilentDataProcess receive 81 main] 주문번호2 알림이 도착했습니다
2016-12-15 17:22:43.637 INFO  [client.CilentDataProcess receive 81 main] 주문번호1 알림이 도착했습니다
2016-12-15 17:22:43.837 INFO  [client.CilentDataProcess receive 81 main] 주문번호2 알림이 도착했습니다
2016-12-15 17:22:45.765 INFO  [client.ClientHeartBeat run 31 Timer-0] heart beat 전송
2016-12-15 17:22:48.655 INFO  [client.CilentDataProcess receive 81 main] 주문번호1 알림이 도착했습니다
2016-12-15 17:22:48.857 INFO  [client.CilentDataProcess receive 81 main] 주문번호2 알림이 도착했습니다
2016-12-15 17:22:53.663 INFO  [client.CilentDataProcess receive 81 main] 주문번호1 알림이 도착했습니다
2016-12-15 17:22:53.864 INFO  [client.CilentDataProcess receive 81 main] 주문번호2 알림이 도착했습니다
2016-12-15 17:22:55.765 INFO  [client.ClientHeartBeat run 31 Timer-0] heart beat 전송
2016-12-15 17:22:58.702 INFO  [client.CilentDataProcess receive 81 main] 주문번호1 알림이 도착했습니다
2016-12-15 17:22:58.904 INFO  [client.CilentDataProcess receive 81 main] 주문번호2 알림이 도착했습니다
2016-12-15 17:23:03.720 INFO  [client.CilentDataProcess receive 81 main] 주문번호1 알림이 도착했습니다
2016-12-15 17:23:03.922 INFO  [client.CilentDataProcess receive 81 main] 주문번호2 알림이 도착했습니다
2016-12-15 17:23:05.763 INFO  [client.ClientHeartBeat run 31 Timer-0] heart beat 전송
2016-12-15 17:23:08.732 INFO  [client.CilentDataProcess receive 81 main] 주문번호1 알림이 도착했습니다
2016-12-15 17:23:08.932 INFO  [client.CilentDataProcess receive 81 main] 주문번호2 알림이 도착했습니다
2016-12-15 17:23:13.760 INFO  [client.CilentDataProcess receive 81 main] 주문번호1 알림이 도착했습니다
2016-12-15 17:23:13.962 INFO  [client.CilentDataProcess receive 81 main] 주문번호2 알림이 도착했습니다
2016-12-15 17:23:15.765 INFO  [client.ClientHeartBeat run 31 Timer-0] heart beat 전송
2016-12-15 17:23:18.786 INFO  [client.CilentDataProcess receive 81 main] 주문번호1 알림이 도착했습니다
2016-12-15 17:23:18.987 INFO  [client.CilentDataProcess receive 81 main] 주문번호2 알림이 도착했습니다
